2014-05-07 16:35:46,116 - RuntimeInstance initializing.
2014-05-07 16:35:46,116 - Default Properties File: org\apache\velocity\runtime\defaults\velocity.properties
2014-05-07 16:35:46,117 - Trying to use logger class org.apache.velocity.runtime.log.SimpleLog4JLogSystem
2014-05-07 16:35:46,117 - Using logger class org.apache.velocity.runtime.log.SimpleLog4JLogSystem
2014-05-07 16:35:46,121 - Default ResourceManager initializing. (class org.apache.velocity.runtime.resource.ResourceManagerImpl)
2014-05-07 16:35:46,124 - Resource Loader Instantiated: org.apache.velocity.runtime.resource.loader.ClasspathResourceLoader
2014-05-07 16:35:46,125 - ClasspathResourceLoader : initialization starting.
2014-05-07 16:35:46,125 - ClasspathResourceLoader : initialization complete.
2014-05-07 16:35:46,126 - ResourceCache : initialized. (class org.apache.velocity.runtime.resource.ResourceCacheImpl)
2014-05-07 16:35:46,126 - Default ResourceManager initialization complete.
2014-05-07 16:35:46,128 - Loaded System Directive: org.apache.velocity.runtime.directive.Literal
2014-05-07 16:35:46,131 - Loaded System Directive: org.apache.velocity.runtime.directive.Macro
2014-05-07 16:35:46,133 - Loaded System Directive: org.apache.velocity.runtime.directive.Parse
2014-05-07 16:35:46,135 - Loaded System Directive: org.apache.velocity.runtime.directive.Include
2014-05-07 16:35:46,136 - Loaded System Directive: org.apache.velocity.runtime.directive.Foreach
2014-05-07 16:35:46,164 - Created: 20 parsers.
2014-05-07 16:35:46,171 - Velocimacro : initialization starting.
2014-05-07 16:35:46,171 - Velocimacro : adding VMs from VM library template : VM_global_library.vm
2014-05-07 16:35:46,190 - ResourceManager : unable to find resource 'VM_global_library.vm' in any resource loader.
2014-05-07 16:35:46,190 - Velocimacro : error using  VM library template VM_global_library.vm : org.apache.velocity.exception.ResourceNotFoundException: Unable to find resource 'VM_global_library.vm'
2014-05-07 16:35:46,191 - Velocimacro :  VM library template macro registration complete.
2014-05-07 16:35:46,191 - Velocimacro : allowInline = true : VMs can be defined inline in templates
2014-05-07 16:35:46,191 - Velocimacro : allowInlineToOverride = false : VMs defined inline may NOT replace previous VM definitions
2014-05-07 16:35:46,191 - Velocimacro : allowInlineLocal = false : VMs defined inline will be  global in scope if allowed.
2014-05-07 16:35:46,191 - Velocimacro : messages on  : VM system will output logging messages
2014-05-07 16:35:46,191 - Velocimacro : autoload off  : VM system will not automatically reload global library macros
2014-05-07 16:35:46,191 - Velocimacro : initialization complete.
2014-05-07 16:35:46,191 - Velocity successfully started.
2014-05-07 16:36:13,373 - SimpleLog4JLogSystem initialized using logfile 'velocity.log'
2014-05-07 16:36:13,374 - ************************************************************** 
2014-05-07 16:36:13,374 - Starting Jakarta Velocity v1.4
2014-05-07 16:36:13,374 - RuntimeInstance initializing.
2014-05-07 16:36:13,374 - Default Properties File: org\apache\velocity\runtime\defaults\velocity.properties
2014-05-07 16:36:13,374 - Trying to use logger class org.apache.velocity.runtime.log.SimpleLog4JLogSystem
2014-05-07 16:36:13,374 - Using logger class org.apache.velocity.runtime.log.SimpleLog4JLogSystem
2014-05-07 16:36:13,378 - Default ResourceManager initializing. (class org.apache.velocity.runtime.resource.ResourceManagerImpl)
2014-05-07 16:36:13,381 - Resource Loader Instantiated: org.apache.velocity.runtime.resource.loader.ClasspathResourceLoader
2014-05-07 16:36:13,382 - ClasspathResourceLoader : initialization starting.
2014-05-07 16:36:13,382 - ClasspathResourceLoader : initialization complete.
2014-05-07 16:36:13,384 - ResourceCache : initialized. (class org.apache.velocity.runtime.resource.ResourceCacheImpl)
2014-05-07 16:36:13,384 - Default ResourceManager initialization complete.
2014-05-07 16:36:13,386 - Loaded System Directive: org.apache.velocity.runtime.directive.Literal
2014-05-07 16:36:13,389 - Loaded System Directive: org.apache.velocity.runtime.directive.Macro
2014-05-07 16:36:13,391 - Loaded System Directive: org.apache.velocity.runtime.directive.Parse
2014-05-07 16:36:13,393 - Loaded System Directive: org.apache.velocity.runtime.directive.Include
2014-05-07 16:36:13,394 - Loaded System Directive: org.apache.velocity.runtime.directive.Foreach
2014-05-07 16:36:13,428 - Created: 20 parsers.
2014-05-07 16:36:13,434 - Velocimacro : initialization starting.
2014-05-07 16:36:13,435 - Velocimacro : adding VMs from VM library template : VM_global_library.vm
2014-05-07 16:36:13,440 - ResourceManager : unable to find resource 'VM_global_library.vm' in any resource loader.
2014-05-07 16:36:13,440 - Velocimacro : error using  VM library template VM_global_library.vm : org.apache.velocity.exception.ResourceNotFoundException: Unable to find resource 'VM_global_library.vm'
2014-05-07 16:36:13,440 - Velocimacro :  VM library template macro registration complete.
2014-05-07 16:36:13,440 - Velocimacro : allowInline = true : VMs can be defined inline in templates
2014-05-07 16:36:13,440 - Velocimacro : allowInlineToOverride = false : VMs defined inline may NOT replace previous VM definitions
2014-05-07 16:36:13,440 - Velocimacro : allowInlineLocal = false : VMs defined inline will be  global in scope if allowed.
2014-05-07 16:36:13,440 - Velocimacro : messages on  : VM system will output logging messages
2014-05-07 16:36:13,440 - Velocimacro : autoload off  : VM system will not automatically reload global library macros
2014-05-07 16:36:13,440 - Velocimacro : initialization complete.
2014-05-07 16:36:13,440 - Velocity successfully started.
2014-05-07 16:39:48,443 - SimpleLog4JLogSystem initialized using logfile 'velocity.log'
2014-05-07 16:39:48,443 - ************************************************************** 
2014-05-07 16:39:48,443 - Starting Jakarta Velocity v1.4
2014-05-07 16:39:48,443 - RuntimeInstance initializing.
2014-05-07 16:39:48,443 - Default Properties File: org\apache\velocity\runtime\defaults\velocity.properties
2014-05-07 16:39:48,443 - Trying to use logger class org.apache.velocity.runtime.log.SimpleLog4JLogSystem
2014-05-07 16:39:48,443 - Using logger class org.apache.velocity.runtime.log.SimpleLog4JLogSystem
2014-05-07 16:39:48,446 - Default ResourceManager initializing. (class org.apache.velocity.runtime.resource.ResourceManagerImpl)
2014-05-07 16:39:48,448 - Resource Loader Instantiated: org.apache.velocity.runtime.resource.loader.ClasspathResourceLoader
2014-05-07 16:39:48,448 - ClasspathResourceLoader : initialization starting.
2014-05-07 16:39:48,448 - ClasspathResourceLoader : initialization complete.
2014-05-07 16:39:48,450 - ResourceCache : initialized. (class org.apache.velocity.runtime.resource.ResourceCacheImpl)
2014-05-07 16:39:48,450 - Default ResourceManager initialization complete.
2014-05-07 16:39:48,451 - Loaded System Directive: org.apache.velocity.runtime.directive.Literal
2014-05-07 16:39:48,454 - Loaded System Directive: org.apache.velocity.runtime.directive.Macro
2014-05-07 16:39:48,457 - Loaded System Directive: org.apache.velocity.runtime.directive.Parse
2014-05-07 16:39:48,459 - Loaded System Directive: org.apache.velocity.runtime.directive.Include
2014-05-07 16:39:48,460 - Loaded System Directive: org.apache.velocity.runtime.directive.Foreach
2014-05-07 16:39:48,492 - Created: 20 parsers.
2014-05-07 16:39:48,500 - Velocimacro : initialization starting.
2014-05-07 16:39:48,500 - Velocimacro : adding VMs from VM library template : VM_global_library.vm
2014-05-07 16:39:48,508 - ResourceManager : unable to find resource 'VM_global_library.vm' in any resource loader.
2014-05-07 16:39:48,509 - Velocimacro : error using  VM library template VM_global_library.vm : org.apache.velocity.exception.ResourceNotFoundException: Unable to find resource 'VM_global_library.vm'
2014-05-07 16:39:48,509 - Velocimacro :  VM library template macro registration complete.
2014-05-07 16:39:48,509 - Velocimacro : allowInline = true : VMs can be defined inline in templates
2014-05-07 16:39:48,509 - Velocimacro : allowInlineToOverride = false : VMs defined inline may NOT replace previous VM definitions
2014-05-07 16:39:48,509 - Velocimacro : allowInlineLocal = false : VMs defined inline will be  global in scope if allowed.
2014-05-07 16:39:48,509 - Velocimacro : messages on  : VM system will output logging messages
2014-05-07 16:39:48,509 - Velocimacro : autoload off  : VM system will not automatically reload global library macros
2014-05-07 16:39:48,509 - Velocimacro : initialization complete.
2014-05-07 16:39:48,509 - Velocity successfully started.
2014-05-07 16:41:11,101 - SimpleLog4JLogSystem initialized using logfile 'velocity.log'
2014-05-07 16:41:11,102 - ************************************************************** 
2014-05-07 16:41:11,102 - Starting Jakarta Velocity v1.4
2014-05-07 16:41:11,102 - RuntimeInstance initializing.
2014-05-07 16:41:11,102 - Default Properties File: org\apache\velocity\runtime\defaults\velocity.properties
2014-05-07 16:41:11,102 - Trying to use logger class org.apache.velocity.runtime.log.SimpleLog4JLogSystem
2014-05-07 16:41:11,102 - Using logger class org.apache.velocity.runtime.log.SimpleLog4JLogSystem
2014-05-07 16:41:11,105 - Default ResourceManager initializing. (class org.apache.velocity.runtime.resource.ResourceManagerImpl)
2014-05-07 16:41:11,109 - Resource Loader Instantiated: org.apache.velocity.runtime.resource.loader.ClasspathResourceLoader
2014-05-07 16:41:11,109 - ClasspathResourceLoader : initialization starting.
2014-05-07 16:41:11,109 - ClasspathResourceLoader : initialization complete.
2014-05-07 16:41:11,111 - ResourceCache : initialized. (class org.apache.velocity.runtime.resource.ResourceCacheImpl)
2014-05-07 16:41:11,111 - Default ResourceManager initialization complete.
2014-05-07 16:41:11,113 - Loaded System Directive: org.apache.velocity.runtime.directive.Literal
2014-05-07 16:41:11,116 - Loaded System Directive: org.apache.velocity.runtime.directive.Macro
2014-05-07 16:41:11,118 - Loaded System Directive: org.apache.velocity.runtime.directive.Parse
2014-05-07 16:41:11,120 - Loaded System Directive: org.apache.velocity.runtime.directive.Include
2014-05-07 16:41:11,122 - Loaded System Directive: org.apache.velocity.runtime.directive.Foreach
2014-05-07 16:41:11,157 - Created: 20 parsers.
2014-05-07 16:41:11,166 - Velocimacro : initialization starting.
2014-05-07 16:41:11,166 - Velocimacro : adding VMs from VM library template : VM_global_library.vm
2014-05-07 16:41:11,173 - ResourceManager : unable to find resource 'VM_global_library.vm' in any resource loader.
2014-05-07 16:41:11,173 - Velocimacro : error using  VM library template VM_global_library.vm : org.apache.velocity.exception.ResourceNotFoundException: Unable to find resource 'VM_global_library.vm'
2014-05-07 16:41:11,173 - Velocimacro :  VM library template macro registration complete.
2014-05-07 16:41:11,173 - Velocimacro : allowInline = true : VMs can be defined inline in templates
2014-05-07 16:41:11,173 - Velocimacro : allowInlineToOverride = false : VMs defined inline may NOT replace previous VM definitions
2014-05-07 16:41:11,174 - Velocimacro : allowInlineLocal = false : VMs defined inline will be  global in scope if allowed.
2014-05-07 16:41:11,174 - Velocimacro : messages on  : VM system will output logging messages
2014-05-07 16:41:11,174 - Velocimacro : autoload off  : VM system will not automatically reload global library macros
2014-05-07 16:41:11,174 - Velocimacro : initialization complete.
2014-05-07 16:41:11,174 - Velocity successfully started.
2014-05-07 16:42:48,901 - SimpleLog4JLogSystem initialized using logfile 'velocity.log'
2014-05-07 16:42:48,901 - ************************************************************** 
2014-05-07 16:42:48,901 - Starting Jakarta Velocity v1.4
2014-05-07 16:42:48,901 - RuntimeInstance initializing.
2014-05-07 16:42:48,901 - Default Properties File: org\apache\velocity\runtime\defaults\velocity.properties
2014-05-07 16:42:48,901 - Trying to use logger class org.apache.velocity.runtime.log.SimpleLog4JLogSystem
2014-05-07 16:42:48,901 - Using logger class org.apache.velocity.runtime.log.SimpleLog4JLogSystem
2014-05-07 16:42:48,904 - Default ResourceManager initializing. (class org.apache.velocity.runtime.resource.ResourceManagerImpl)
2014-05-07 16:42:48,907 - Resource Loader Instantiated: org.apache.velocity.runtime.resource.loader.ClasspathResourceLoader
2014-05-07 16:42:48,907 - ClasspathResourceLoader : initialization starting.
2014-05-07 16:42:48,907 - ClasspathResourceLoader : initialization complete.
2014-05-07 16:42:48,909 - ResourceCache : initialized. (class org.apache.velocity.runtime.resource.ResourceCacheImpl)
2014-05-07 16:42:48,909 - Default ResourceManager initialization complete.
2014-05-07 16:42:48,911 - Loaded System Directive: org.apache.velocity.runtime.directive.Literal
2014-05-07 16:42:48,915 - Loaded System Directive: org.apache.velocity.runtime.directive.Macro
2014-05-07 16:42:48,918 - Loaded System Directive: org.apache.velocity.runtime.directive.Parse
2014-05-07 16:42:48,920 - Loaded System Directive: org.apache.velocity.runtime.directive.Include
2014-05-07 16:42:48,921 - Loaded System Directive: org.apache.velocity.runtime.directive.Foreach
2014-05-07 16:42:48,951 - Created: 20 parsers.
2014-05-07 16:42:48,960 - Velocimacro : initialization starting.
2014-05-07 16:42:48,960 - Velocimacro : adding VMs from VM library template : VM_global_library.vm
2014-05-07 16:42:48,968 - ResourceManager : unable to find resource 'VM_global_library.vm' in any resource loader.
2014-05-07 16:42:48,968 - Velocimacro : error using  VM library template VM_global_library.vm : org.apache.velocity.exception.ResourceNotFoundException: Unable to find resource 'VM_global_library.vm'
2014-05-07 16:42:48,968 - Velocimacro :  VM library template macro registration complete.
2014-05-07 16:42:48,968 - Velocimacro : allowInline = true : VMs can be defined inline in templates
2014-05-07 16:42:48,968 - Velocimacro : allowInlineToOverride = false : VMs defined inline may NOT replace previous VM definitions
2014-05-07 16:42:48,968 - Velocimacro : allowInlineLocal = false : VMs defined inline will be  global in scope if allowed.
2014-05-07 16:42:48,968 - Velocimacro : messages on  : VM system will output logging messages
2014-05-07 16:42:48,968 - Velocimacro : autoload off  : VM system will not automatically reload global library macros
2014-05-07 16:42:48,968 - Velocimacro : initialization complete.
2014-05-07 16:42:48,968 - Velocity successfully started.
2014-05-07 18:02:41,704 - SimpleLog4JLogSystem initialized using logfile 'velocity.log'
2014-05-07 18:02:41,719 - ************************************************************** 
2014-05-07 18:02:41,720 - Starting Jakarta Velocity v1.4
2014-05-07 18:02:41,720 - RuntimeInstance initializing.
2014-05-07 18:02:41,720 - Default Properties File: org\apache\velocity\runtime\defaults\velocity.properties
2014-05-07 18:02:41,720 - Trying to use logger class org.apache.velocity.runtime.log.SimpleLog4JLogSystem
2014-05-07 18:02:41,720 - Using logger class org.apache.velocity.runtime.log.SimpleLog4JLogSystem
2014-05-07 18:02:41,724 - Default ResourceManager initializing. (class org.apache.velocity.runtime.resource.ResourceManagerImpl)
2014-05-07 18:02:41,727 - Resource Loader Instantiated: org.apache.velocity.runtime.resource.loader.ClasspathResourceLoader
2014-05-07 18:02:41,727 - ClasspathResourceLoader : initialization starting.
2014-05-07 18:02:41,727 - ClasspathResourceLoader : initialization complete.
2014-05-07 18:02:41,729 - ResourceCache : initialized. (class org.apache.velocity.runtime.resource.ResourceCacheImpl)
2014-05-07 18:02:41,729 - Default ResourceManager initialization complete.
2014-05-07 18:02:41,730 - Loaded System Directive: org.apache.velocity.runtime.directive.Literal
2014-05-07 18:02:41,733 - Loaded System Directive: org.apache.velocity.runtime.directive.Macro
2014-05-07 18:02:41,736 - Loaded System Directive: org.apache.velocity.runtime.directive.Parse
2014-05-07 18:02:41,737 - Loaded System Directive: org.apache.velocity.runtime.directive.Include
2014-05-07 18:02:41,738 - Loaded System Directive: org.apache.velocity.runtime.directive.Foreach
2014-05-07 18:02:41,769 - Created: 20 parsers.
2014-05-07 18:02:41,775 - Velocimacro : initialization starting.
2014-05-07 18:02:41,775 - Velocimacro : adding VMs from VM library template : VM_global_library.vm
2014-05-07 18:02:41,782 - ResourceManager : unable to find resource 'VM_global_library.vm' in any resource loader.
2014-05-07 18:02:41,783 - Velocimacro : error using  VM library template VM_global_library.vm : org.apache.velocity.exception.ResourceNotFoundException: Unable to find resource 'VM_global_library.vm'
2014-05-07 18:02:41,783 - Velocimacro :  VM library template macro registration complete.
2014-05-07 18:02:41,783 - Velocimacro : allowInline = true : VMs can be defined inline in templates
2014-05-07 18:02:41,783 - Velocimacro : allowInlineToOverride = false : VMs defined inline may NOT replace previous VM definitions
2014-05-07 18:02:41,783 - Velocimacro : allowInlineLocal = false : VMs defined inline will be  global in scope if allowed.
2014-05-07 18:02:41,783 - Velocimacro : messages on  : VM system will output logging messages
2014-05-07 18:02:41,783 - Velocimacro : autoload off  : VM system will not automatically reload global library macros
2014-05-07 18:02:41,783 - Velocimacro : initialization complete.
2014-05-07 18:02:41,783 - Velocity successfully started.
2014-05-07 18:04:04,792 - SimpleLog4JLogSystem initialized using logfile 'velocity.log'
2014-05-07 18:04:04,792 - ************************************************************** 
2014-05-07 18:04:04,792 - Starting Jakarta Velocity v1.4
2014-05-07 18:04:04,792 - RuntimeInstance initializing.
2014-05-07 18:04:04,792 - Default Properties File: org\apache\velocity\runtime\defaults\velocity.properties
2014-05-07 18:04:04,792 - Trying to use logger class org.apache.velocity.runtime.log.SimpleLog4JLogSystem
2014-05-07 18:04:04,792 - Using logger class org.apache.velocity.runtime.log.SimpleLog4JLogSystem
2014-05-07 18:04:04,795 - Default ResourceManager initializing. (class org.apache.velocity.runtime.resource.ResourceManagerImpl)
2014-05-07 18:04:04,797 - Resource Loader Instantiated: org.apache.velocity.runtime.resource.loader.ClasspathResourceLoader
2014-05-07 18:04:04,797 - ClasspathResourceLoader : initialization starting.
2014-05-07 18:04:04,798 - ClasspathResourceLoader : initialization complete.
2014-05-07 18:04:04,799 - ResourceCache : initialized. (class org.apache.velocity.runtime.resource.ResourceCacheImpl)
2014-05-07 18:04:04,799 - Default ResourceManager initialization complete.
2014-05-07 18:04:04,801 - Loaded System Directive: org.apache.velocity.runtime.directive.Literal
2014-05-07 18:04:04,804 - Loaded System Directive: org.apache.velocity.runtime.directive.Macro
2014-05-07 18:04:04,807 - Loaded System Directive: org.apache.velocity.runtime.directive.Parse
2014-05-07 18:04:04,809 - Loaded System Directive: org.apache.velocity.runtime.directive.Include
2014-05-07 18:04:04,811 - Loaded System Directive: org.apache.velocity.runtime.directive.Foreach
2014-05-07 18:04:04,841 - Created: 20 parsers.
2014-05-07 18:04:04,850 - Velocimacro : initialization starting.
2014-05-07 18:04:04,851 - Velocimacro : adding VMs from VM library template : VM_global_library.vm
2014-05-07 18:04:04,857 - ResourceManager : unable to find resource 'VM_global_library.vm' in any resource loader.
2014-05-07 18:04:04,857 - Velocimacro : error using  VM library template VM_global_library.vm : org.apache.velocity.exception.ResourceNotFoundException: Unable to find resource 'VM_global_library.vm'
2014-05-07 18:04:04,857 - Velocimacro :  VM library template macro registration complete.
2014-05-07 18:04:04,857 - Velocimacro : allowInline = true : VMs can be defined inline in templates
2014-05-07 18:04:04,857 - Velocimacro : allowInlineToOverride = false : VMs defined inline may NOT replace previous VM definitions
2014-05-07 18:04:04,857 - Velocimacro : allowInlineLocal = false : VMs defined inline will be  global in scope if allowed.
2014-05-07 18:04:04,857 - Velocimacro : messages on  : VM system will output logging messages
2014-05-07 18:04:04,858 - Velocimacro : autoload off  : VM system will not automatically reload global library macros
2014-05-07 18:04:04,858 - Velocimacro : initialization complete.
2014-05-07 18:04:04,858 - Velocity successfully started.
2014-05-07 18:05:32,734 - SimpleLog4JLogSystem initialized using logfile 'velocity.log'
2014-05-07 18:05:32,734 - ************************************************************** 
2014-05-07 18:05:32,734 - Starting Jakarta Velocity v1.4
2014-05-07 18:05:32,734 - RuntimeInstance initializing.
2014-05-07 18:05:32,735 - Default Properties File: org\apache\velocity\runtime\defaults\velocity.properties
2014-05-07 18:05:32,735 - Trying to use logger class org.apache.velocity.runtime.log.SimpleLog4JLogSystem
2014-05-07 18:05:32,735 - Using logger class org.apache.velocity.runtime.log.SimpleLog4JLogSystem
2014-05-07 18:05:32,738 - Default ResourceManager initializing. (class org.apache.velocity.runtime.resource.ResourceManagerImpl)
2014-05-07 18:05:32,742 - Resource Loader Instantiated: org.apache.velocity.runtime.resource.loader.ClasspathResourceLoader
2014-05-07 18:05:32,742 - ClasspathResourceLoader : initialization starting.
2014-05-07 18:05:32,742 - ClasspathResourceLoader : initialization complete.
2014-05-07 18:05:32,744 - ResourceCache : initialized. (class org.apache.velocity.runtime.resource.ResourceCacheImpl)
2014-05-07 18:05:32,744 - Default ResourceManager initialization complete.
2014-05-07 18:05:32,746 - Loaded System Directive: org.apache.velocity.runtime.directive.Literal
2014-05-07 18:05:32,749 - Loaded System Directive: org.apache.velocity.runtime.directive.Macro
2014-05-07 18:05:32,751 - Loaded System Directive: org.apache.velocity.runtime.directive.Parse
2014-05-07 18:05:32,753 - Loaded System Directive: org.apache.velocity.runtime.directive.Include
2014-05-07 18:05:32,754 - Loaded System Directive: org.apache.velocity.runtime.directive.Foreach
2014-05-07 18:05:32,787 - Created: 20 parsers.
2014-05-07 18:05:32,796 - Velocimacro : initialization starting.
2014-05-07 18:05:32,796 - Velocimacro : adding VMs from VM library template : VM_global_library.vm
2014-05-07 18:05:32,802 - ResourceManager : unable to find resource 'VM_global_library.vm' in any resource loader.
2014-05-07 18:05:32,802 - Velocimacro : error using  VM library template VM_global_library.vm : org.apache.velocity.exception.ResourceNotFoundException: Unable to find resource 'VM_global_library.vm'
2014-05-07 18:05:32,802 - Velocimacro :  VM library template macro registration complete.
2014-05-07 18:05:32,802 - Velocimacro : allowInline = true : VMs can be defined inline in templates
2014-05-07 18:05:32,802 - Velocimacro : allowInlineToOverride = false : VMs defined inline may NOT replace previous VM definitions
2014-05-07 18:05:32,802 - Velocimacro : allowInlineLocal = false : VMs defined inline will be  global in scope if allowed.
2014-05-07 18:05:32,802 - Velocimacro : messages on  : VM system will output logging messages
2014-05-07 18:05:32,802 - Velocimacro : autoload off  : VM system will not automatically reload global library macros
2014-05-07 18:05:32,802 - Velocimacro : initialization complete.
2014-05-07 18:05:32,802 - Velocity successfully started.
2014-05-07 18:07:17,909 - SimpleLog4JLogSystem initialized using logfile 'velocity.log'
2014-05-07 18:07:17,909 - ************************************************************** 
2014-05-07 18:07:17,909 - Starting Jakarta Velocity v1.4
2014-05-07 18:07:17,909 - RuntimeInstance initializing.
2014-05-07 18:07:17,909 - Default Properties File: org\apache\velocity\runtime\defaults\velocity.properties
2014-05-07 18:07:17,909 - Trying to use logger class org.apache.velocity.runtime.log.SimpleLog4JLogSystem
2014-05-07 18:07:17,909 - Using logger class org.apache.velocity.runtime.log.SimpleLog4JLogSystem
2014-05-07 18:07:17,912 - Default ResourceManager initializing. (class org.apache.velocity.runtime.resource.ResourceManagerImpl)
2014-05-07 18:07:17,915 - Resource Loader Instantiated: org.apache.velocity.runtime.resource.loader.ClasspathResourceLoader
2014-05-07 18:07:17,915 - ClasspathResourceLoader : initialization starting.
2014-05-07 18:07:17,915 - ClasspathResourceLoader : initialization complete.
2014-05-07 18:07:17,916 - ResourceCache : initialized. (class org.apache.velocity.runtime.resource.ResourceCacheImpl)
2014-05-07 18:07:17,916 - Default ResourceManager initialization complete.
2014-05-07 18:07:17,918 - Loaded System Directive: org.apache.velocity.runtime.directive.Literal
2014-05-07 18:07:17,921 - Loaded System Directive: org.apache.velocity.runtime.directive.Macro
2014-05-07 18:07:17,924 - Loaded System Directive: org.apache.velocity.runtime.directive.Parse
2014-05-07 18:07:17,926 - Loaded System Directive: org.apache.velocity.runtime.directive.Include
2014-05-07 18:07:17,927 - Loaded System Directive: org.apache.velocity.runtime.directive.Foreach
2014-05-07 18:07:17,959 - Created: 20 parsers.
2014-05-07 18:07:17,968 - Velocimacro : initialization starting.
2014-05-07 18:07:17,968 - Velocimacro : adding VMs from VM library template : VM_global_library.vm
2014-05-07 18:07:17,976 - ResourceManager : unable to find resource 'VM_global_library.vm' in any resource loader.
2014-05-07 18:07:17,976 - Velocimacro : error using  VM library template VM_global_library.vm : org.apache.velocity.exception.ResourceNotFoundException: Unable to find resource 'VM_global_library.vm'
2014-05-07 18:07:17,976 - Velocimacro :  VM library template macro registration complete.
2014-05-07 18:07:17,976 - Velocimacro : allowInline = true : VMs can be defined inline in templates
2014-05-07 18:07:17,976 - Velocimacro : allowInlineToOverride = false : VMs defined inline may NOT replace previous VM definitions
2014-05-07 18:07:17,976 - Velocimacro : allowInlineLocal = false : VMs defined inline will be  global in scope if allowed.
2014-05-07 18:07:17,976 - Velocimacro : messages on  : VM system will output logging messages
2014-05-07 18:07:17,976 - Velocimacro : autoload off  : VM system will not automatically reload global library macros
2014-05-07 18:07:17,976 - Velocimacro : initialization complete.
2014-05-07 18:07:17,976 - Velocity successfully started.
2014-05-07 18:12:22,822 - SimpleLog4JLogSystem initialized using logfile 'velocity.log'
2014-05-07 18:12:22,822 - ************************************************************** 
2014-05-07 18:12:22,822 - Starting Jakarta Velocity v1.4
2014-05-07 18:12:22,822 - RuntimeInstance initializing.
2014-05-07 18:12:22,822 - Default Properties File: org\apache\velocity\runtime\defaults\velocity.properties
2014-05-07 18:12:22,822 - Trying to use logger class org.apache.velocity.runtime.log.SimpleLog4JLogSystem
2014-05-07 18:12:22,822 - Using logger class org.apache.velocity.runtime.log.SimpleLog4JLogSystem
2014-05-07 18:12:22,825 - Default ResourceManager initializing. (class org.apache.velocity.runtime.resource.ResourceManagerImpl)
2014-05-07 18:12:22,828 - Resource Loader Instantiated: org.apache.velocity.runtime.resource.loader.ClasspathResourceLoader
2014-05-07 18:12:22,828 - ClasspathResourceLoader : initialization starting.
2014-05-07 18:12:22,829 - ClasspathResourceLoader : initialization complete.
2014-05-07 18:12:22,831 - ResourceCache : initialized. (class org.apache.velocity.runtime.resource.ResourceCacheImpl)
2014-05-07 18:12:22,831 - Default ResourceManager initialization complete.
2014-05-07 18:12:22,832 - Loaded System Directive: org.apache.velocity.runtime.directive.Literal
2014-05-07 18:12:22,836 - Loaded System Directive: org.apache.velocity.runtime.directive.Macro
2014-05-07 18:12:22,839 - Loaded System Directive: org.apache.velocity.runtime.directive.Parse
2014-05-07 18:12:22,841 - Loaded System Directive: org.apache.velocity.runtime.directive.Include
2014-05-07 18:12:22,843 - Loaded System Directive: org.apache.velocity.runtime.directive.Foreach
2014-05-07 18:12:22,875 - Created: 20 parsers.
2014-05-07 18:12:22,882 - Velocimacro : initialization starting.
2014-05-07 18:12:22,883 - Velocimacro : adding VMs from VM library template : VM_global_library.vm
2014-05-07 18:12:22,887 - ResourceManager : unable to find resource 'VM_global_library.vm' in any resource loader.
2014-05-07 18:12:22,887 - Velocimacro : error using  VM library template VM_global_library.vm : org.apache.velocity.exception.ResourceNotFoundException: Unable to find resource 'VM_global_library.vm'
2014-05-07 18:12:22,888 - Velocimacro :  VM library template macro registration complete.
2014-05-07 18:12:22,888 - Velocimacro : allowInline = true : VMs can be defined inline in templates
2014-05-07 18:12:22,888 - Velocimacro : allowInlineToOverride = false : VMs defined inline may NOT replace previous VM definitions
2014-05-07 18:12:22,888 - Velocimacro : allowInlineLocal = false : VMs defined inline will be  global in scope if allowed.
2014-05-07 18:12:22,888 - Velocimacro : messages on  : VM system will output logging messages
2014-05-07 18:12:22,888 - Velocimacro : autoload off  : VM system will not automatically reload global library macros
2014-05-07 18:12:22,888 - Velocimacro : initialization complete.
2014-05-07 18:12:22,888 - Velocity successfully started.
2014-05-07 18:13:30,534 - SimpleLog4JLogSystem initialized using logfile 'velocity.log'
2014-05-07 18:13:30,534 - ************************************************************** 
2014-05-07 18:13:30,534 - Starting Jakarta Velocity v1.4
2014-05-07 18:13:30,534 - RuntimeInstance initializing.
2014-05-07 18:13:30,534 - Default Properties File: org\apache\velocity\runtime\defaults\velocity.properties
2014-05-07 18:13:30,534 - Trying to use logger class org.apache.velocity.runtime.log.SimpleLog4JLogSystem
2014-05-07 18:13:30,534 - Using logger class org.apache.velocity.runtime.log.SimpleLog4JLogSystem
2014-05-07 18:13:30,537 - Default ResourceManager initializing. (class org.apache.velocity.runtime.resource.ResourceManagerImpl)
2014-05-07 18:13:30,539 - Resource Loader Instantiated: org.apache.velocity.runtime.resource.loader.ClasspathResourceLoader
2014-05-07 18:13:30,539 - ClasspathResourceLoader : initialization starting.
2014-05-07 18:13:30,539 - ClasspathResourceLoader : initialization complete.
2014-05-07 18:13:30,541 - ResourceCache : initialized. (class org.apache.velocity.runtime.resource.ResourceCacheImpl)
2014-05-07 18:13:30,541 - Default ResourceManager initialization complete.
2014-05-07 18:13:30,543 - Loaded System Directive: org.apache.velocity.runtime.directive.Literal
2014-05-07 18:13:30,545 - Loaded System Directive: org.apache.velocity.runtime.directive.Macro
2014-05-07 18:13:30,548 - Loaded System Directive: org.apache.velocity.runtime.directive.Parse
2014-05-07 18:13:30,549 - Loaded System Directive: org.apache.velocity.runtime.directive.Include
2014-05-07 18:13:30,551 - Loaded System Directive: org.apache.velocity.runtime.directive.Foreach
2014-05-07 18:13:30,586 - Created: 20 parsers.
2014-05-07 18:13:30,594 - Velocimacro : initialization starting.
2014-05-07 18:13:30,594 - Velocimacro : adding VMs from VM library template : VM_global_library.vm
2014-05-07 18:13:30,600 - ResourceManager : unable to find resource 'VM_global_library.vm' in any resource loader.
2014-05-07 18:13:30,600 - Velocimacro : error using  VM library template VM_global_library.vm : org.apache.velocity.exception.ResourceNotFoundException: Unable to find resource 'VM_global_library.vm'
2014-05-07 18:13:30,600 - Velocimacro :  VM library template macro registration complete.
2014-05-07 18:13:30,600 - Velocimacro : allowInline = true : VMs can be defined inline in templates
2014-05-07 18:13:30,600 - Velocimacro : allowInlineToOverride = false : VMs defined inline may NOT replace previous VM definitions
2014-05-07 18:13:30,600 - Velocimacro : allowInlineLocal = false : VMs defined inline will be  global in scope if allowed.
2014-05-07 18:13:30,600 - Velocimacro : messages on  : VM system will output logging messages
2014-05-07 18:13:30,600 - Velocimacro : autoload off  : VM system will not automatically reload global library macros
2014-05-07 18:13:30,600 - Velocimacro : initialization complete.
2014-05-07 18:13:30,600 - Velocity successfully started.
2014-05-07 18:14:31,004 - SimpleLog4JLogSystem initialized using logfile 'velocity.log'
2014-05-07 18:14:31,004 - ************************************************************** 
2014-05-07 18:14:31,004 - Starting Jakarta Velocity v1.4
2014-05-07 18:14:31,004 - RuntimeInstance initializing.
2014-05-07 18:14:31,004 - Default Properties File: org\apache\velocity\runtime\defaults\velocity.properties
2014-05-07 18:14:31,004 - Trying to use logger class org.apache.velocity.runtime.log.SimpleLog4JLogSystem
2014-05-07 18:14:31,004 - Using logger class org.apache.velocity.runtime.log.SimpleLog4JLogSystem
2014-05-07 18:14:31,008 - Default ResourceManager initializing. (class org.apache.velocity.runtime.resource.ResourceManagerImpl)
2014-05-07 18:14:31,011 - Resource Loader Instantiated: org.apache.velocity.runtime.resource.loader.ClasspathResourceLoader
2014-05-07 18:14:31,011 - ClasspathResourceLoader : initialization starting.
2014-05-07 18:14:31,011 - ClasspathResourceLoader : initialization complete.
2014-05-07 18:14:31,013 - ResourceCache : initialized. (class org.apache.velocity.runtime.resource.ResourceCacheImpl)
2014-05-07 18:14:31,013 - Default ResourceManager initialization complete.
2014-05-07 18:14:31,014 - Loaded System Directive: org.apache.velocity.runtime.directive.Literal
2014-05-07 18:14:31,017 - Loaded System Directive: org.apache.velocity.runtime.directive.Macro
2014-05-07 18:14:31,020 - Loaded System Directive: org.apache.velocity.runtime.directive.Parse
2014-05-07 18:14:31,022 - Loaded System Directive: org.apache.velocity.runtime.directive.Include
2014-05-07 18:14:31,024 - Loaded System Directive: org.apache.velocity.runtime.directive.Foreach
2014-05-07 18:14:31,052 - Created: 20 parsers.
2014-05-07 18:14:31,058 - Velocimacro : initialization starting.
2014-05-07 18:14:31,059 - Velocimacro : adding VMs from VM library template : VM_global_library.vm
2014-05-07 18:14:31,063 - ResourceManager : unable to find resource 'VM_global_library.vm' in any resource loader.
2014-05-07 18:14:31,064 - Velocimacro : error using  VM library template VM_global_library.vm : org.apache.velocity.exception.ResourceNotFoundException: Unable to find resource 'VM_global_library.vm'
2014-05-07 18:14:31,064 - Velocimacro :  VM library template macro registration complete.
2014-05-07 18:14:31,064 - Velocimacro : allowInline = true : VMs can be defined inline in templates
2014-05-07 18:14:31,064 - Velocimacro : allowInlineToOverride = false : VMs defined inline may NOT replace previous VM definitions
2014-05-07 18:14:31,064 - Velocimacro : allowInlineLocal = false : VMs defined inline will be  global in scope if allowed.
2014-05-07 18:14:31,064 - Velocimacro : messages on  : VM system will output logging messages
2014-05-07 18:14:31,064 - Velocimacro : autoload off  : VM system will not automatically reload global library macros
2014-05-07 18:14:31,064 - Velocimacro : initialization complete.
2014-05-07 18:14:31,064 - Velocity successfully started.
2014-06-28 10:34:51,958 - SimpleLog4JLogSystem initialized using logfile 'velocity.log'
2014-06-28 10:34:51,982 - ************************************************************** 
2014-06-28 10:34:51,982 - Starting Jakarta Velocity v1.4
2014-06-28 10:34:51,982 - RuntimeInstance initializing.
2014-06-28 10:34:51,982 - Default Properties File: org\apache\velocity\runtime\defaults\velocity.properties
2014-06-28 10:34:51,982 - Trying to use logger class org.apache.velocity.runtime.log.SimpleLog4JLogSystem
2014-06-28 10:34:51,982 - Using logger class org.apache.velocity.runtime.log.SimpleLog4JLogSystem
2014-06-28 10:34:52,009 - Default ResourceManager initializing. (class org.apache.velocity.runtime.resource.ResourceManagerImpl)
2014-06-28 10:34:52,012 - Resource Loader Instantiated: org.apache.velocity.runtime.resource.loader.ClasspathResourceLoader
2014-06-28 10:34:52,012 - ClasspathResourceLoader : initialization starting.
2014-06-28 10:34:52,012 - ClasspathResourceLoader : initialization complete.
2014-06-28 10:34:52,013 - ResourceCache : initialized. (class org.apache.velocity.runtime.resource.ResourceCacheImpl)
2014-06-28 10:34:52,013 - Default ResourceManager initialization complete.
2014-06-28 10:34:52,015 - Loaded System Directive: org.apache.velocity.runtime.directive.Literal
2014-06-28 10:34:52,017 - Loaded System Directive: org.apache.velocity.runtime.directive.Macro
2014-06-28 10:34:52,019 - Loaded System Directive: org.apache.velocity.runtime.directive.Parse
2014-06-28 10:34:52,021 - Loaded System Directive: org.apache.velocity.runtime.directive.Include
2014-06-28 10:34:52,022 - Loaded System Directive: org.apache.velocity.runtime.directive.Foreach
2014-06-28 10:34:52,048 - Created: 20 parsers.
2014-06-28 10:34:52,054 - Velocimacro : initialization starting.
2014-06-28 10:34:52,054 - Velocimacro : adding VMs from VM library template : VM_global_library.vm
2014-06-28 10:34:52,059 - ResourceManager : unable to find resource 'VM_global_library.vm' in any resource loader.
2014-06-28 10:34:52,059 - Velocimacro : error using  VM library template VM_global_library.vm : org.apache.velocity.exception.ResourceNotFoundException: Unable to find resource 'VM_global_library.vm'
2014-06-28 10:34:52,059 - Velocimacro :  VM library template macro registration complete.
2014-06-28 10:34:52,059 - Velocimacro : allowInline = true : VMs can be defined inline in templates
2014-06-28 10:34:52,059 - Velocimacro : allowInlineToOverride = false : VMs defined inline may NOT replace previous VM definitions
2014-06-28 10:34:52,059 - Velocimacro : allowInlineLocal = false : VMs defined inline will be  global in scope if allowed.
2014-06-28 10:34:52,059 - Velocimacro : messages on  : VM system will output logging messages
2014-06-28 10:34:52,059 - Velocimacro : autoload off  : VM system will not automatically reload global library macros
2014-06-28 10:34:52,059 - Velocimacro : initialization complete.
2014-06-28 10:34:52,059 - Velocity successfully started.
2014-06-28 10:37:54,155 - SimpleLog4JLogSystem initialized using logfile 'velocity.log'
2014-06-28 10:37:54,156 - ************************************************************** 
2014-06-28 10:37:54,156 - Starting Jakarta Velocity v1.4
2014-06-28 10:37:54,156 - RuntimeInstance initializing.
2014-06-28 10:37:54,156 - Default Properties File: org\apache\velocity\runtime\defaults\velocity.properties
2014-06-28 10:37:54,156 - Trying to use logger class org.apache.velocity.runtime.log.SimpleLog4JLogSystem
2014-06-28 10:37:54,156 - Using logger class org.apache.velocity.runtime.log.SimpleLog4JLogSystem
2014-06-28 10:37:54,158 - Default ResourceManager initializing. (class org.apache.velocity.runtime.resource.ResourceManagerImpl)
2014-06-28 10:37:54,161 - Resource Loader Instantiated: org.apache.velocity.runtime.resource.loader.ClasspathResourceLoader
2014-06-28 10:37:54,161 - ClasspathResourceLoader : initialization starting.
2014-06-28 10:37:54,161 - ClasspathResourceLoader : initialization complete.
2014-06-28 10:37:54,162 - ResourceCache : initialized. (class org.apache.velocity.runtime.resource.ResourceCacheImpl)
2014-06-28 10:37:54,162 - Default ResourceManager initialization complete.
2014-06-28 10:37:54,164 - Loaded System Directive: org.apache.velocity.runtime.directive.Literal
2014-06-28 10:37:54,165 - Loaded System Directive: org.apache.velocity.runtime.directive.Macro
2014-06-28 10:37:54,168 - Loaded System Directive: org.apache.velocity.runtime.directive.Parse
2014-06-28 10:37:54,170 - Loaded System Directive: org.apache.velocity.runtime.directive.Include
2014-06-28 10:37:54,171 - Loaded System Directive: org.apache.velocity.runtime.directive.Foreach
2014-06-28 10:37:54,196 - Created: 20 parsers.
2014-06-28 10:37:54,202 - Velocimacro : initialization starting.
2014-06-28 10:37:54,202 - Velocimacro : adding VMs from VM library template : VM_global_library.vm
2014-06-28 10:37:54,206 - ResourceManager : unable to find resource 'VM_global_library.vm' in any resource loader.
2014-06-28 10:37:54,207 - Velocimacro : error using  VM library template VM_global_library.vm : org.apache.velocity.exception.ResourceNotFoundException: Unable to find resource 'VM_global_library.vm'
2014-06-28 10:37:54,207 - Velocimacro :  VM library template macro registration complete.
2014-06-28 10:37:54,207 - Velocimacro : allowInline = true : VMs can be defined inline in templates
2014-06-28 10:37:54,207 - Velocimacro : allowInlineToOverride = false : VMs defined inline may NOT replace previous VM definitions
2014-06-28 10:37:54,207 - Velocimacro : allowInlineLocal = false : VMs defined inline will be  global in scope if allowed.
2014-06-28 10:37:54,207 - Velocimacro : messages on  : VM system will output logging messages
2014-06-28 10:37:54,207 - Velocimacro : autoload off  : VM system will not automatically reload global library macros
2014-06-28 10:37:54,207 - Velocimacro : initialization complete.
2014-06-28 10:37:54,207 - Velocity successfully started.
2014-06-28 10:39:15,541 - SimpleLog4JLogSystem initialized using logfile 'velocity.log'
2014-06-28 10:39:15,541 - ************************************************************** 
2014-06-28 10:39:15,541 - Starting Jakarta Velocity v1.4
2014-06-28 10:39:15,541 - RuntimeInstance initializing.
2014-06-28 10:39:15,541 - Default Properties File: org\apache\velocity\runtime\defaults\velocity.properties
2014-06-28 10:39:15,541 - Trying to use logger class org.apache.velocity.runtime.log.SimpleLog4JLogSystem
2014-06-28 10:39:15,541 - Using logger class org.apache.velocity.runtime.log.SimpleLog4JLogSystem
2014-06-28 10:39:15,544 - Default ResourceManager initializing. (class org.apache.velocity.runtime.resource.ResourceManagerImpl)
2014-06-28 10:39:15,546 - Resource Loader Instantiated: org.apache.velocity.runtime.resource.loader.ClasspathResourceLoader
2014-06-28 10:39:15,546 - ClasspathResourceLoader : initialization starting.
2014-06-28 10:39:15,546 - ClasspathResourceLoader : initialization complete.
2014-06-28 10:39:15,548 - ResourceCache : initialized. (class org.apache.velocity.runtime.resource.ResourceCacheImpl)
2014-06-28 10:39:15,548 - Default ResourceManager initialization complete.
2014-06-28 10:39:15,549 - Loaded System Directive: org.apache.velocity.runtime.directive.Literal
2014-06-28 10:39:15,552 - Loaded System Directive: org.apache.velocity.runtime.directive.Macro
2014-06-28 10:39:15,554 - Loaded System Directive: org.apache.velocity.runtime.directive.Parse
2014-06-28 10:39:15,555 - Loaded System Directive: org.apache.velocity.runtime.directive.Include
2014-06-28 10:39:15,556 - Loaded System Directive: org.apache.velocity.runtime.directive.Foreach
2014-06-28 10:39:15,581 - Created: 20 parsers.
2014-06-28 10:39:15,587 - Velocimacro : initialization starting.
2014-06-28 10:39:15,588 - Velocimacro : adding VMs from VM library template : VM_global_library.vm
2014-06-28 10:39:15,592 - ResourceManager : unable to find resource 'VM_global_library.vm' in any resource loader.
2014-06-28 10:39:15,592 - Velocimacro : error using  VM library template VM_global_library.vm : org.apache.velocity.exception.ResourceNotFoundException: Unable to find resource 'VM_global_library.vm'
2014-06-28 10:39:15,592 - Velocimacro :  VM library template macro registration complete.
2014-06-28 10:39:15,592 - Velocimacro : allowInline = true : VMs can be defined inline in templates
2014-06-28 10:39:15,592 - Velocimacro : allowInlineToOverride = false : VMs defined inline may NOT replace previous VM definitions
2014-06-28 10:39:15,592 - Velocimacro : allowInlineLocal = false : VMs defined inline will be  global in scope if allowed.
2014-06-28 10:39:15,592 - Velocimacro : messages on  : VM system will output logging messages
2014-06-28 10:39:15,592 - Velocimacro : autoload off  : VM system will not automatically reload global library macros
2014-06-28 10:39:15,592 - Velocimacro : initialization complete.
2014-06-28 10:39:15,593 - Velocity successfully started.
